
Launched app
2024-09-30 23:11:37.189503

Launched app
2024-09-30 23:11:49.542837

Launched app
2024-09-30 23:25:00.014599

Launched app
2024-09-30 23:33:50.924315

Launched app
2024-09-30 23:34:01.613133

Launched app
2024-10-01 00:00:33.111508

Launched app
2024-10-01 01:14:10.532050

Launched app
2024-10-01 01:15:22.584230

Launched app
2024-10-01 01:21:51.838217

Launched app
2024-10-01 01:22:26.648001

Launched app
2024-10-01 01:22:37.406278

Launched app
2024-10-01 01:23:45.008707

Launched app
2024-10-01 01:25:03.661011

Launched app
2024-10-01 01:25:31.197727

Launched app
2024-10-01 01:28:51.936349

Launched app
2024-10-01 15:38:13.751928

Launched app
2024-10-01 15:40:42.015654

Launched app
2024-10-01 15:43:04.434342

Launched app
2024-10-01 16:06:19.165590

Launched app
2024-10-01 16:14:57.548960

Launched app
2024-10-01 16:16:44.922113

Launched app
2024-10-01 16:17:53.796006

Launched app
2024-10-01 16:18:48.240910

Launched app
2024-10-01 16:20:07.025513

Launched app
2024-10-01 16:21:45.650508

Launched app
2024-10-01 16:22:57.776413

Launched app
2024-10-01 16:30:14.032283

Launched app
2024-10-01 16:30:41.406014

Launched app
2024-10-01 16:31:48.374527

Launched app
2024-10-01 16:39:14.868011

Launched app
2024-10-01 16:40:07.246702

Launched app
2024-10-01 16:40:46.157046

Launched app
2024-10-01 16:40:53.147660

Launched app
2024-10-01 16:41:51.296138

Launched app
2024-10-01 16:41:56.421265

Launched app
2024-10-01 17:52:44.642196

Launched app
2024-10-01 22:41:22.312822

Launched app
2024-10-01 22:42:17.733629

Launched app
2024-10-01 22:45:29.260783

Launched app
2024-10-01 22:46:16.368163

Launched app
2024-10-01 22:57:20.017050

Launched app
2024-10-01 23:08:37.663077

Launched app
2024-10-01 23:10:43.265768

Launched app
2024-10-01 23:11:13.374328

Launched app
2024-10-01 23:16:57.495820

Launched app
2024-10-01 23:19:17.612145

Launched app
2024-10-01 23:23:25.010407

Launched app
2024-10-01 23:24:14.022796

Launched app
2024-10-01 23:25:12.287759

Launched app
2024-10-01 23:26:02.476797

Launched app
2024-10-01 23:27:27.617358

Launched app
2024-10-01 23:58:21.385132

Launched app
2024-10-02 00:36:43.553641

Launched app
2024-10-02 00:49:18.790097

Launched app
2024-10-02 00:52:47.096525

User launched the app
2024-10-02 01:06:00.462751

User launched the app
2024-10-02 01:08:07.918522

User launched the app
2024-10-02 01:08:57.127009

User launched the app
2024-10-02 01:12:45.457139

User closed terminated the program
2024-10-02 01:13:05.970376

User launched the app
2024-10-04 23:46:49.373427

User terminated the program
2024-10-04 23:47:32.975423

User launched the app
2024-10-05 00:18:23.572800

User terminated the program
2024-10-05 00:22:04.416699

User launched the app
2024-10-05 00:23:11.585309

User launched the app
2024-10-05 00:24:55.022072

User terminated the program
2024-10-05 00:27:14.674834

User launched the app
2024-10-05 00:27:21.141671

User terminated the program
2024-10-05 00:46:28.505314

User launched the app
2024-10-05 00:46:31.855561

User terminated the program
2024-10-05 00:51:55.763916

User launched the app
2024-10-05 00:51:58.030869

User terminated the program
2024-10-05 01:04:56.918057

User launched the app
2024-10-05 01:11:21.761559

User terminated the program
2024-10-05 01:18:42.690034

User launched the app
2024-10-05 01:22:17.328941

User launched the app
2024-10-05 01:37:35.069745

User terminated the program
2024-10-05 01:49:05.604941

User launched the app
2024-10-05 01:49:06.772491

User terminated the program
2024-10-05 01:55:19.580162

User launched the app
2024-10-05 02:00:06.072153

User terminated the program
2024-10-05 02:02:01.658399

User launched the app
2024-10-24 21:15:06.057437

User terminated the program
2024-10-24 21:16:59.498496

User launched the app
2024-10-24 21:52:10.172507

User terminated the program
2024-10-24 21:56:30.430753

User launched the app
2024-10-24 23:09:33.795387

User terminated the program
2024-10-24 23:11:31.508631

User launched the app
2024-10-25 11:29:45.230035

User launched the app
2024-10-25 11:31:19.223941

User launched the app
2024-10-25 11:35:51.260981

User terminated the program
2024-10-25 11:35:57.420786

User launched the app
2024-10-25 11:48:22.024996

User launched the app
2024-10-25 12:05:29.109120

User terminated the program
2024-10-25 12:08:59.221128

User launched the app
2024-10-25 12:10:37.672792

User terminated the program
2024-10-25 12:15:41.373083

User launched the app
2024-10-25 12:17:15.873630

User terminated the program
2024-10-25 12:21:44.999720

User launched the app
2024-10-25 14:33:16.683371

User launched the app
2024-10-25 15:13:56.247070

User launched the app
2024-10-25 15:17:26.649860

User terminated the program
2024-10-25 15:18:42.928066

User launched the app
2024-10-25 15:19:00.929362

User terminated the program
2024-10-25 15:21:03.834651

User launched the app
2024-10-25 15:21:06.014223

User terminated the program
2024-10-25 15:25:03.643391

User launched the app
2024-10-25 15:27:31.763300

User terminated the program
2024-10-25 15:29:01.101237

User launched the app
2024-10-25 15:30:11.906853

User terminated the program
2024-10-25 15:30:33.659669

User launched the app
2024-10-25 15:30:35.704316

User terminated the program
2024-10-25 15:37:20.463878

User launched the app
2024-10-25 15:58:05.138548

User launched the app
2024-10-25 16:11:39.862649

User terminated the program
2024-10-25 16:15:00.646148

User launched the app
2024-10-25 16:16:10.816105

User terminated the program
2024-10-25 16:17:52.868315

User launched the app
2024-10-25 16:17:57.485089

User launched the app
2024-10-25 16:23:00.462442

User terminated the program
2024-10-25 16:23:48.724766

User launched the app
2024-10-25 16:23:54.351230

User terminated the program
2024-10-25 16:24:12.765979

User launched the app
2024-10-25 16:24:13.753082

User launched the app
2024-10-25 16:26:42.344646

User terminated the program
2024-10-25 16:31:19.626477

User launched the app
2024-10-25 16:31:20.451815

User launched the app
2024-10-25 16:32:21.228841

User launched the app
2024-10-25 16:47:10.984155

User terminated the program
2024-10-25 16:48:07.226495

User launched the app
2024-10-25 16:59:22.988496

User terminated the program
2024-10-25 16:59:51.162316

User launched the app
2024-10-25 16:59:52.264807

User terminated the program
2024-10-25 17:00:26.671119

User launched the app
2024-10-25 17:01:31.480798

User launched the app
2024-10-25 17:16:15.806834

User launched the app
2024-10-25 17:19:07.448563

User launched the app
2024-10-25 17:29:32.147786

User launched the app
2024-10-25 17:33:53.965833

User launched the app
2024-10-25 17:34:08.226505

User launched the app
2024-10-25 17:36:53.729918

User launched the app
2024-10-25 17:38:04.097523

User launched the app
2024-10-25 17:38:08.945657

User launched the app
2024-10-25 17:38:41.824758

User launched the app
2024-10-25 17:41:56.585728

User launched the app
2024-10-25 17:42:38.112384

User launched the app
2024-10-25 23:19:16.469405

User launched the app
2024-10-25 23:21:26.994241

User launched the app
2024-10-27 14:34:33.670629

User launched the app
2024-10-27 14:43:40.638877

User launched the app
2024-10-27 14:50:11.605581

User launched the app
2024-10-27 14:53:47.410600

User terminated the program
2024-10-27 14:54:04.983806

User launched the app
2024-10-27 14:54:10.170549

User launched the app
2024-10-27 17:23:14.098379

User launched the app
2024-10-27 17:24:11.819467

User launched the app
2024-10-27 17:28:01.516847

User launched the app
2024-10-27 17:32:49.062931

User terminated the program
2024-10-27 17:34:03.678010

User launched the app
2024-10-27 17:34:10.504480

User launched the app
2024-10-27 17:47:13.418108

User launched the app
2024-10-27 17:49:42.961366

User launched the app
2024-10-27 17:52:08.974196

User launched the app
2024-10-27 17:58:00.972114

User launched the app
2024-10-27 18:00:56.396599

User launched the app
2024-10-27 18:02:08.708991

User launched the app
2024-10-27 18:04:56.485203

User launched the app
2024-10-27 18:06:25.154503

User terminated the program
2024-10-27 18:18:51.312422

User launched the app
2024-10-27 18:18:59.002264

User terminated the program
2024-10-27 18:19:50.936780

User launched the app
2024-10-27 18:27:16.684995

User terminated the program
2024-10-27 18:34:39.132489

User launched the app
2024-10-27 18:41:03.792522

User terminated the program
2024-10-27 18:44:30.480345

User launched the app
2024-10-27 18:53:50.901143

User terminated the program
2024-10-27 19:02:36.046315

User launched the app
2024-10-27 19:04:54.312870

User terminated the program
2024-10-27 19:12:59.583215

User launched the app
2024-10-27 19:14:07.242268

User launched the app
2024-10-27 19:14:22.926339

User launched the app
2024-10-27 19:16:06.732428

User launched the app
2024-10-27 19:17:12.932988

User launched the app
2024-10-27 19:18:57.960870

User terminated the program
2024-10-27 19:19:14.330918

User launched the app
2024-10-27 21:16:35.935505

User terminated the program
2024-10-27 21:18:56.383373

User launched the app
2024-10-27 21:54:22.116004

User terminated the program
2024-10-27 21:55:12.133938

User launched the app
2024-10-27 22:08:38.316779

User launched the app
2024-10-27 22:11:28.877095

User terminated the program
2024-10-27 22:19:57.756549

User launched the app
2024-10-27 22:20:00.960592

User terminated the program
2024-10-27 22:23:28.672405

User launched the app
2024-10-27 22:23:31.604287

User terminated the program
2024-10-27 22:25:24.785373

User launched the app
2024-10-27 22:30:26.416196

User terminated the program
2024-10-27 22:33:46.675193

User launched the app
2024-10-27 22:33:52.310140

User terminated the program
2024-10-27 22:37:51.669613

User launched the app
2024-10-27 22:37:54.578872

User launched the app
2024-10-27 22:38:19.945757

User terminated the program
2024-10-27 22:41:54.274150

User launched the app
2024-10-27 22:41:57.719129

User terminated the program
2024-10-27 22:44:45.042118

User launched the app
2024-10-27 22:45:29.078341

User terminated the program
2024-10-27 22:46:59.200041

User launched the app
2024-10-27 22:47:02.980520

User launched the app
2024-10-27 22:53:55.362052

User terminated the program
2024-10-27 22:55:09.710601

User launched the app
2024-10-27 22:56:51.177350

User terminated the program
2024-10-27 22:59:36.234759

User launched the app
2024-10-27 22:59:44.592680

User terminated the program
2024-10-27 23:02:00.668784

User launched the app
2024-10-27 23:02:07.188074

User terminated the program
2024-10-27 23:05:24.056907

User launched the app
2024-10-27 23:05:27.052745

User terminated the program
2024-10-27 23:08:12.423244

User launched the app
2024-10-27 23:08:15.553209

User terminated the program
2024-10-27 23:08:26.768516

User launched the app
2024-10-27 23:12:28.761991

User terminated the program
2024-10-27 23:13:04.985941

User launched the app
2024-10-27 23:16:00.347532

User terminated the program
2024-10-27 23:17:58.192023

User launched the app
2024-10-27 23:18:16.731449

User terminated the program
2024-10-27 23:19:05.469309

User launched the app
2024-10-27 23:19:51.093060

User terminated the program
2024-10-27 23:20:25.801906

User launched the app
2024-10-27 23:20:45.265263

User terminated the program
2024-10-27 23:21:07.225418

User launched the app
2024-10-27 23:21:45.595694

User terminated the program
2024-10-27 23:21:58.351602

User launched the app
2024-10-27 23:25:34.632497

User terminated the program
2024-10-27 23:25:48.020340

User launched the app
2024-10-28 12:16:50.888848

User terminated the program
2024-10-28 12:17:23.584858

User launched the app
2024-10-28 12:17:24.500507

User terminated the program
2024-10-28 12:17:52.539648

User launched the app
2024-10-28 12:18:15.334571

User terminated the program
2024-10-28 12:18:40.061965

User launched the app
2024-10-28 12:18:47.142733

User launched the app
2024-10-28 12:19:54.561568

User terminated the program
2024-10-28 12:20:44.520789

User launched the app
2024-10-28 21:12:15.481640

User launched the app
2024-10-28 21:14:14.851640

User launched the app
2024-10-28 21:16:31.917546

User terminated the program
2024-10-28 21:18:22.191552

User launched the app
2024-10-28 21:18:27.726781

User terminated the program
2024-10-28 21:25:06.686072

User launched the app
2024-10-28 21:25:07.625597

User launched the app
2024-10-28 21:30:39.889038

User terminated the program
2024-10-28 21:45:57.549012

User launched the app
2024-10-28 21:58:50.190088

User terminated the program
2024-10-28 22:01:33.460930

User launched the app
2024-10-28 22:09:54.686829

User terminated the program
2024-10-28 22:11:17.945367

User launched the app
2024-10-28 22:24:37.325003

User launched the app
2024-10-28 22:28:13.257837

User launched the app
2024-10-28 22:34:22.929190

User launched the app
2024-10-28 22:37:01.608956

User launched the app
2024-10-29 22:58:44.549230

User terminated the program
2024-10-29 23:00:53.043763

User launched the app
2024-10-29 23:15:12.615081

User terminated the program
2024-10-29 23:15:56.401635

User launched the app
2024-10-29 23:19:01.260108

User launched the app
2024-10-29 23:21:11.588785

User launched the app
2024-10-29 23:23:40.487632

User launched the app
2024-10-29 23:25:17.528807

User launched the app
2024-10-29 23:26:54.604770

User launched the app
2024-10-30 16:34:51.834280

User terminated the program
2024-10-30 16:35:57.915332

User launched the app
2024-10-30 16:43:12.165377

User terminated the program
2024-10-30 16:43:28.288099

User launched the app
2024-10-30 16:46:44.145305

User launched the app
2024-10-30 16:48:23.321269

User launched the app
2024-10-30 16:49:27.090309

User launched the app
2024-10-30 16:50:20.288724

User terminated the program
2024-10-30 16:59:24.328300

User launched the app
2024-10-30 16:59:24.982344

User launched the app
2024-10-30 17:01:13.312437

User launched the app
2024-10-30 17:03:06.526090

User launched the app
2024-10-30 17:07:00.251063

User launched the app
2024-10-30 17:07:58.033574

User launched the app
2024-10-30 17:09:36.668748

User terminated the program
2024-10-30 17:10:31.928231

User launched the app
2024-10-30 17:10:41.443066

User launched the app
2024-10-30 22:51:15.560935

User launched the app
2024-11-07 20:34:14.490696

User launched the app
2024-11-07 20:53:09.266975

User terminated the program
2024-11-07 21:03:30.317919

User launched the app
2024-11-13 12:45:46.062599

User terminated the program
2024-11-13 12:49:54.240025

User launched the app
2024-11-13 13:10:39.656994

User launched the app
2024-11-13 13:14:05.618967

User launched the app
2024-11-13 13:14:41.660975

User terminated the program
2024-11-13 13:21:37.762271

User launched the app
2024-11-13 13:24:32.951245

User launched the app
2024-11-13 13:26:06.419984

User terminated the program
2024-11-13 13:34:42.320245

User launched the app
2024-11-13 13:34:43.584290

User terminated the program
2024-11-13 13:35:50.681632

User launched the app
2024-11-13 21:22:38.552183

User terminated the program
2024-11-13 21:22:49.321398

User launched the app
2024-11-13 21:23:04.033321

User terminated the program
2024-11-13 21:24:22.421428

User launched the app
2024-11-13 21:35:31.053934

User terminated the program
2024-11-13 21:38:12.466939

User launched the app
2024-11-13 21:38:13.233734

User terminated the program
2024-11-13 21:38:27.613859

User launched the app
2024-11-13 21:40:07.054278

User terminated the program
2024-11-13 21:40:11.675077

User launched the app
2024-11-13 21:42:01.706265

User terminated the program
2024-11-13 21:44:21.215537

User launched the app
2024-11-13 21:44:27.206022

User terminated the program
2024-11-13 21:45:05.172084

User launched the app
2024-11-13 21:45:23.211620

User terminated the program
2024-11-13 21:46:09.176806

User launched the app
2024-11-13 21:46:09.998292

User terminated the program
2024-11-13 21:47:18.865253

User launched the app
2024-11-13 21:47:21.795642

User terminated the program
2024-11-13 21:49:37.282160

User launched the app
2024-11-13 21:49:39.172283

User terminated the program
2024-11-13 21:51:04.314733

User launched the app
2024-11-13 21:51:05.093887

User terminated the program
2024-11-13 21:52:54.081425

User launched the app
2024-11-13 21:53:12.572755

User terminated the program
2024-11-13 21:53:47.157067

User launched the app
2024-11-13 21:55:11.449268

User terminated the program
2024-11-13 21:56:09.624942

User launched the app
2024-11-13 21:59:48.186593

User launched the app
2024-11-13 22:00:58.660249

User terminated the program
2024-11-13 22:03:19.920738

User launched the app
2024-11-13 22:03:20.697121

User terminated the program
2024-11-13 22:04:31.113911

User launched the app
2024-11-13 22:04:32.395852

User terminated the program
2024-11-13 22:07:53.473644

User launched the app
2024-11-13 22:17:02.417558

User launched the app
2024-11-13 22:18:09.778791

User terminated the program
2024-11-13 22:19:48.417161

User launched the app
2024-11-13 22:19:51.352294

User launched the app
2024-11-13 22:21:06.106560

User launched the app
2024-11-13 22:24:00.055291

User terminated the program
2024-11-13 22:26:22.048339

User launched the app
2024-11-13 23:33:55.536388

User terminated the program
2024-11-13 23:34:15.888783

User launched the app
2024-11-13 23:35:32.364528

User terminated the program
2024-11-13 23:36:06.829287

User launched the app
2024-11-14 22:55:53.453316

User terminated the program
2024-11-14 22:56:23.403386

User launched the app
2024-11-14 23:23:36.191396

User terminated the program
2024-11-14 23:23:43.773392

User launched the app
2024-11-14 23:46:03.132230

User launched the app
2024-11-15 00:15:18.615608

User terminated the program
2024-11-15 00:15:57.560046

User launched the app
2024-11-15 00:16:23.599322

User terminated the program
2024-11-15 00:18:05.667499

User launched the app
2024-11-15 00:18:06.883468

User terminated the program
2024-11-15 00:18:44.634541

User launched the app
2024-11-15 00:21:51.606965

User launched the app
2024-11-15 00:23:07.288648

User launched the app
2024-11-15 00:24:07.134867

User launched the app
2024-11-15 00:29:15.175173

User terminated the program
2024-11-15 00:29:35.851829

User launched the app
2024-12-11 19:00:31.770196

User terminated the program
2024-12-11 19:01:51.450559

User launched the app
2024-12-13 01:36:29.175555

User terminated the program
2024-12-13 01:39:56.024324

User launched the app
2024-12-13 10:23:13.823131

User terminated the program
2024-12-13 10:32:27.683284

User launched the app
2024-12-13 10:38:31.383659

User launched the app
2024-12-13 10:39:54.605345

User launched the app
2024-12-13 10:50:40.289542

User launched the app
2024-12-13 11:09:01.562151

User launched the app
2024-12-13 11:09:55.015702

User launched the app
2024-12-13 11:16:06.792818

User launched the app
2024-12-13 11:17:26.480163

User launched the app
2024-12-13 11:22:20.006089

User launched the app
2024-12-13 11:40:48.842210

User terminated the program
2024-12-13 11:56:03.533538

User launched the app
2024-12-13 11:56:06.792332

User launched the app
2024-12-13 11:58:57.743669

User terminated the program
2024-12-13 12:01:57.810319

User launched the app
2024-12-13 14:31:01.328027

User launched the app
2024-12-13 15:07:31.584025

User terminated the program
2024-12-13 15:20:21.190652

User launched the app
2024-12-13 15:24:15.998460

User terminated the program
2024-12-13 15:27:23.728990

User launched the app
2024-12-13 15:29:47.555777

User terminated the program
2024-12-13 15:33:47.198028

User launched the app
2024-12-13 15:39:34.311737

User terminated the program
2024-12-13 15:41:30.730338

User launched the app
2024-12-13 15:41:32.918552

User terminated the program
2024-12-13 15:44:40.304646

User launched the app
2024-12-13 15:44:41.988110

User terminated the program
2024-12-13 15:48:30.973388

User launched the app
2024-12-13 15:48:32.488239

User terminated the program
2024-12-13 16:51:53.273322

User launched the app
2024-12-13 16:51:54.842208

User terminated the program
2024-12-13 16:55:06.636731

User launched the app
2024-12-13 16:55:08.057567

User terminated the program
2024-12-13 16:56:38.577582

User launched the app
2024-12-13 16:56:40.176820

User terminated the program
2024-12-13 17:01:23.114659

User launched the app
2024-12-13 17:01:24.153469

User launched the app
2024-12-13 17:07:07.390397

User launched the app
2024-12-13 17:08:12.673982

User terminated the program
2024-12-13 17:12:57.092104

User launched the app
2024-12-14 21:57:16.671957

User terminated the program
2024-12-17 19:58:48.057200

User launched the app
2024-12-17 19:58:50.794192

User terminated the program
2024-12-17 21:16:50.561048

User launched the app
2024-12-17 21:20:29.716388

User terminated the program
2024-12-17 21:33:44.516358

User launched the app
2024-12-17 21:33:48.443300

User terminated the program
2024-12-17 21:43:39.930163

User launched the app
2024-12-17 21:43:42.983746

User terminated the program
2024-12-17 21:48:00.294358

User launched the app
2024-12-17 21:48:02.030767

User terminated the program
2024-12-17 21:56:07.341193

User launched the app
2024-12-17 21:56:41.676461

User terminated the program
2024-12-17 22:01:14.756542

User launched the app
2024-12-17 22:02:29.420048

User terminated the program
2024-12-17 22:02:40.394955

User launched the app
2024-12-17 22:02:57.246756

User terminated the program
2024-12-17 22:04:25.143197
